{"level":30,"time":1772268168671,"pid":77026,"hostname":"alexdeMacBook-Pro.local","context":"RoutesResolver","msg":"AppController {/}:"}
{"level":30,"time":1772268168673,"pid":77026,"hostname":"alexdeMacBook-Pro.local","context":"RouterExplorer","msg":"Mapped {/, GET} route"}
{"level":30,"time":1772268168673,"pid":77026,"hostname":"alexdeMacBook-Pro.local","context":"RoutesResolver","msg":"TodosController {/todos}:"}
{"level":30,"time":1772268168673,"pid":77026,"hostname":"alexdeMacBook-Pro.local","context":"RouterExplorer","msg":"Mapped {/todos, POST} route"}
{"level":30,"time":1772268168673,"pid":77026,"hostname":"alexdeMacBook-Pro.local","context":"RouterExplorer","msg":"Mapped {/todos, GET} route"}
{"level":30,"time":1772268168673,"pid":77026,"hostname":"alexdeMacBook-Pro.local","context":"RouterExplorer","msg":"Mapped {/todos/:id, GET} route"}
{"level":30,"time":1772268168673,"pid":77026,"hostname":"alexdeMacBook-Pro.local","context":"RouterExplorer","msg":"Mapped {/todos/:id, PATCH} route"}
{"level":30,"time":1772268168674,"pid":77026,"hostname":"alexdeMacBook-Pro.local","context":"RouterExplorer","msg":"Mapped {/todos/:id, DELETE} route"}
{"level":30,"time":1772268168674,"pid":77026,"hostname":"alexdeMacBook-Pro.local","context":"RoutesResolver","msg":"UsersController {/users}:"}
{"level":30,"time":1772268168674,"pid":77026,"hostname":"alexdeMacBook-Pro.local","context":"RouterExplorer","msg":"Mapped {/users, POST} route"}
{"level":30,"time":1772268168674,"pid":77026,"hostname":"alexdeMacBook-Pro.local","context":"RouterExplorer","msg":"Mapped {/users, GET} route"}
{"level":30,"time":1772268168674,"pid":77026,"hostname":"alexdeMacBook-Pro.local","context":"RouterExplorer","msg":"Mapped {/users/:id, GET} route"}
{"level":30,"time":1772268168674,"pid":77026,"hostname":"alexdeMacBook-Pro.local","context":"RouterExplorer","msg":"Mapped {/users/:id, PATCH} route"}
{"level":30,"time":1772268168674,"pid":77026,"hostname":"alexdeMacBook-Pro.local","context":"RouterExplorer","msg":"Mapped {/users/:id, DELETE} route"}
{"level":30,"time":1772268168675,"pid":77026,"hostname":"alexdeMacBook-Pro.local","context":"NestApplication","msg":"Nest application successfully started"}
{"level":30,"time":1772268212386,"pid":77026,"hostname":"alexdeMacBook-Pro.local","req":{"id":1,"method":"GET","url":"/todos?orderBy=desc&limit=1","query":{"orderBy":"desc","limit":"1"},"params":{"path":["todos"]},"headers":{"accept":"application/json, text/plain, */*","user-agent":"bruno-runtime/3.1.4","request-start-time":"1772268212359","accept-encoding":"gzip, compress, deflate, br","host":"localhost:3000","connection":"keep-alive"},"remoteAddress":"::1","remotePort":56312},"context":"MikroORM","msg":"\u001b[90m[query] \u001b[39mselect \"t0\".* from \"todo\" as \"t0\" order by \"t0\".\"id\" desc limit 1\u001b[90m [took 3 ms, 1 result]\u001b[39m"}
{"level":30,"time":1772268212393,"pid":77026,"hostname":"alexdeMacBook-Pro.local","req":{"id":1,"method":"GET","url":"/todos?orderBy=desc&limit=1","query":{"orderBy":"desc","limit":"1"},"params":{"path":["todos"]},"headers":{"accept":"application/json, text/plain, */*","user-agent":"bruno-runtime/3.1.4","request-start-time":"1772268212359","accept-encoding":"gzip, compress, deflate, br","host":"localhost:3000","connection":"keep-alive"},"remoteAddress":"::1","remotePort":56312},"res":{"statusCode":200,"headers":{"x-powered-by":"Express","content-type":"application/json; charset=utf-8","content-length":"197","etag":"W/\"c5-5zYvWrLbeukosVjmQLc6rfR1buQ\""}},"responseTime":25,"msg":"request completed"}
{"level":30,"time":1772268292875,"pid":78334,"hostname":"alexdeMacBook-Pro.local","context":"RoutesResolver","msg":"AppController {/}:"}
{"level":30,"time":1772268292877,"pid":78334,"hostname":"alexdeMacBook-Pro.local","context":"RouterExplorer","msg":"Mapped {/, GET} route"}
{"level":30,"time":1772268292877,"pid":78334,"hostname":"alexdeMacBook-Pro.local","context":"RoutesResolver","msg":"TodosController {/todos}:"}
{"level":30,"time":1772268292877,"pid":78334,"hostname":"alexdeMacBook-Pro.local","context":"RouterExplorer","msg":"Mapped {/todos, POST} route"}
{"level":30,"time":1772268292877,"pid":78334,"hostname":"alexdeMacBook-Pro.local","context":"RouterExplorer","msg":"Mapped {/todos, GET} route"}
{"level":30,"time":1772268292877,"pid":78334,"hostname":"alexdeMacBook-Pro.local","context":"RouterExplorer","msg":"Mapped {/todos/:id, GET} route"}
{"level":30,"time":1772268292877,"pid":78334,"hostname":"alexdeMacBook-Pro.local","context":"RouterExplorer","msg":"Mapped {/todos/:id, PATCH} route"}
{"level":30,"time":1772268292877,"pid":78334,"hostname":"alexdeMacBook-Pro.local","context":"RouterExplorer","msg":"Mapped {/todos/:id, DELETE} route"}
{"level":30,"time":1772268292877,"pid":78334,"hostname":"alexdeMacBook-Pro.local","context":"RoutesResolver","msg":"UsersController {/users}:"}
{"level":30,"time":1772268292877,"pid":78334,"hostname":"alexdeMacBook-Pro.local","context":"RouterExplorer","msg":"Mapped {/users, POST} route"}
{"level":30,"time":1772268292877,"pid":78334,"hostname":"alexdeMacBook-Pro.local","context":"RouterExplorer","msg":"Mapped {/users, GET} route"}
{"level":30,"time":1772268292878,"pid":78334,"hostname":"alexdeMacBook-Pro.local","context":"RouterExplorer","msg":"Mapped {/users/:id, GET} route"}
{"level":30,"time":1772268292878,"pid":78334,"hostname":"alexdeMacBook-Pro.local","context":"RouterExplorer","msg":"Mapped {/users/:id, PATCH} route"}
{"level":30,"time":1772268292878,"pid":78334,"hostname":"alexdeMacBook-Pro.local","context":"RouterExplorer","msg":"Mapped {/users/:id, DELETE} route"}
{"level":30,"time":1772268292880,"pid":78334,"hostname":"alexdeMacBook-Pro.local","context":"NestApplication","msg":"Nest application successfully started"}
